02/05/2016 04:54:56 PM CIRCUIT: read_iscas called on file: bench/c17.bench
02/05/2016 04:54:56 PM GATE: init	name:     1	type: INPUT	#in:     0	#out:     0
02/05/2016 04:54:56 PM GATE: init	name:     2	type: INPUT	#in:     0	#out:     0
02/05/2016 04:54:56 PM GATE: init	name:     3	type: INPUT	#in:     0	#out:     0
02/05/2016 04:54:56 PM GATE: init	name:     6	type: INPUT	#in:     0	#out:     0
02/05/2016 04:54:56 PM GATE: init	name:     7	type: INPUT	#in:     0	#out:     0
02/05/2016 04:54:56 PM GATE: init	name:    10	type:  NAND	#in:     2	#out:     0
02/05/2016 04:54:56 PM GATE: init	name:    11	type:  NAND	#in:     2	#out:     0
02/05/2016 04:54:56 PM GATE: init	name:    16	type:  NAND	#in:     2	#out:     0
02/05/2016 04:54:56 PM GATE: init	name:    19	type:  NAND	#in:     2	#out:     0
02/05/2016 04:54:56 PM GATE: init	name:    22	type:  NAND	#in:     2	#out:     0
02/05/2016 04:54:56 PM GATE: init	name:    23	type:  NAND	#in:     2	#out:     0
02/05/2016 04:54:56 PM CIRCUIT: read_iscas	gate:     1	type: INPUT	fanin: []
02/05/2016 04:54:56 PM CIRCUIT: read_iscas	gate:     2	type: INPUT	fanin: []
02/05/2016 04:54:56 PM CIRCUIT: read_iscas	gate:     3	type: INPUT	fanin: []
02/05/2016 04:54:56 PM CIRCUIT: read_iscas	gate:     6	type: INPUT	fanin: []
02/05/2016 04:54:56 PM CIRCUIT: read_iscas	gate:     7	type: INPUT	fanin: []
02/05/2016 04:54:56 PM CIRCUIT: read_iscas	gate:    10	type:  NAND	fanin: ['1', '3']
02/05/2016 04:54:56 PM CIRCUIT: read_iscas	gate:    11	type:  NAND	fanin: ['3', '6']
02/05/2016 04:54:56 PM CIRCUIT: read_iscas	gate:    16	type:  NAND	fanin: ['2', '11']
02/05/2016 04:54:56 PM CIRCUIT: read_iscas	gate:    19	type:  NAND	fanin: ['11', '7']
02/05/2016 04:54:56 PM CIRCUIT: read_iscas	gate:    22	type:  NAND	fanin: ['10', '16']
02/05/2016 04:54:56 PM CIRCUIT: read_iscas	gate:    23	type:  NAND	fanin: ['16', '19']
02/05/2016 04:54:56 PM Circuit: add_gates	name:     1	type: INPUT
02/05/2016 04:54:56 PM Circuit: add_gates	name:     2	type: INPUT
02/05/2016 04:54:56 PM Circuit: add_gates	name:     3	type: INPUT
02/05/2016 04:54:56 PM Circuit: add_gates	name:     6	type: INPUT
02/05/2016 04:54:56 PM Circuit: add_gates	name:     7	type: INPUT
02/05/2016 04:54:56 PM Circuit: add_gates	name:    10	type: NAND
02/05/2016 04:54:56 PM Circuit: add_gates	name:    11	type: NAND
02/05/2016 04:54:56 PM Circuit: add_gates	name:    16	type: NAND
02/05/2016 04:54:56 PM Circuit: add_gates	name:    19	type: NAND
02/05/2016 04:54:56 PM Circuit: add_gates	name:    22	type: NAND
02/05/2016 04:54:56 PM Circuit: add_gates	name:    23	type: NAND
02/06/2016 01:34:10 PM CIRCUIT: read_iscas called on file: bench/c17.bench
02/06/2016 01:34:10 PM GATE: init	name:     1	type: INPUT	#in:     0	#out:     0
02/06/2016 01:34:10 PM GATE: init	name:     2	type: INPUT	#in:     0	#out:     0
02/06/2016 01:34:10 PM GATE: init	name:     3	type: INPUT	#in:     0	#out:     0
02/06/2016 01:34:10 PM GATE: init	name:     6	type: INPUT	#in:     0	#out:     0
02/06/2016 01:34:10 PM GATE: init	name:     7	type: INPUT	#in:     0	#out:     0
02/06/2016 01:34:10 PM GATE: init	name:    10	type:  NAND	#in:     2	#out:     0
02/06/2016 01:34:10 PM GATE: init	name:    11	type:  NAND	#in:     2	#out:     0
02/06/2016 01:34:10 PM GATE: init	name:    16	type:  NAND	#in:     2	#out:     0
02/06/2016 01:34:10 PM GATE: init	name:    19	type:  NAND	#in:     2	#out:     0
02/06/2016 01:34:10 PM GATE: init	name:    22	type:  NAND	#in:     2	#out:     0
02/06/2016 01:34:10 PM GATE: init	name:    23	type:  NAND	#in:     2	#out:     0
02/06/2016 01:34:10 PM CIRCUIT: read_iscas	gate:     1	type: INPUT	fanin: []
02/06/2016 01:34:10 PM CIRCUIT: read_iscas	gate:     2	type: INPUT	fanin: []
02/06/2016 01:34:10 PM CIRCUIT: read_iscas	gate:     3	type: INPUT	fanin: []
02/06/2016 01:34:10 PM CIRCUIT: read_iscas	gate:     6	type: INPUT	fanin: []
02/06/2016 01:34:10 PM CIRCUIT: read_iscas	gate:     7	type: INPUT	fanin: []
02/06/2016 01:34:10 PM CIRCUIT: read_iscas	gate:    10	type:  NAND	fanin: ['1', '3']
02/06/2016 01:34:10 PM CIRCUIT: read_iscas	gate:    11	type:  NAND	fanin: ['3', '6']
02/06/2016 01:34:10 PM CIRCUIT: read_iscas	gate:    16	type:  NAND	fanin: ['2', '11']
02/06/2016 01:34:10 PM CIRCUIT: read_iscas	gate:    19	type:  NAND	fanin: ['11', '7']
02/06/2016 01:34:10 PM CIRCUIT: read_iscas	gate:    22	type:  NAND	fanin: ['10', '16']
02/06/2016 01:34:10 PM CIRCUIT: read_iscas	gate:    23	type:  NAND	fanin: ['16', '19']
02/06/2016 01:34:10 PM Circuit: add_gates	name:     1	type: INPUT
02/06/2016 01:34:10 PM Circuit: add_gates	name:     2	type: INPUT
02/06/2016 01:34:10 PM Circuit: add_gates	name:     3	type: INPUT
02/06/2016 01:34:10 PM Circuit: add_gates	name:     6	type: INPUT
02/06/2016 01:34:10 PM Circuit: add_gates	name:     7	type: INPUT
02/06/2016 01:34:10 PM Circuit: add_gates	name:    10	type: NAND
02/06/2016 01:34:10 PM Circuit: add_gates	name:    11	type: NAND
02/06/2016 01:34:10 PM Circuit: add_gates	name:    16	type: NAND
02/06/2016 01:34:10 PM Circuit: add_gates	name:    19	type: NAND
02/06/2016 01:34:10 PM Circuit: add_gates	name:    22	type: NAND
02/06/2016 01:34:10 PM Circuit: add_gates	name:    23	type: NAND
02/06/2016 01:35:54 PM CIRCUIT: read_iscas called on file: bench/c17.bench
02/06/2016 01:35:54 PM GATE: init	name:     1	type: INPUT	#in:     0	#out:     0
02/06/2016 01:35:54 PM GATE: init	name:     2	type: INPUT	#in:     0	#out:     0
02/06/2016 01:35:54 PM GATE: init	name:     3	type: INPUT	#in:     0	#out:     0
02/06/2016 01:35:54 PM GATE: init	name:     6	type: INPUT	#in:     0	#out:     0
02/06/2016 01:35:54 PM GATE: init	name:     7	type: INPUT	#in:     0	#out:     0
02/06/2016 01:35:54 PM GATE: init	name:    10	type:  NAND	#in:     2	#out:     0
02/06/2016 01:35:54 PM GATE: init	name:    11	type:  NAND	#in:     2	#out:     0
02/06/2016 01:35:54 PM GATE: init	name:    16	type:  NAND	#in:     2	#out:     0
02/06/2016 01:35:54 PM GATE: init	name:    19	type:  NAND	#in:     2	#out:     0
02/06/2016 01:35:54 PM GATE: init	name:    22	type:  NAND	#in:     2	#out:     0
02/06/2016 01:35:54 PM GATE: init	name:    23	type:  NAND	#in:     2	#out:     0
02/06/2016 01:35:54 PM CIRCUIT: read_iscas	gate:     1	type: INPUT	fanin: []
02/06/2016 01:35:54 PM CIRCUIT: read_iscas	gate:     2	type: INPUT	fanin: []
02/06/2016 01:35:54 PM CIRCUIT: read_iscas	gate:     3	type: INPUT	fanin: []
02/06/2016 01:35:54 PM CIRCUIT: read_iscas	gate:     6	type: INPUT	fanin: []
02/06/2016 01:35:54 PM CIRCUIT: read_iscas	gate:     7	type: INPUT	fanin: []
02/06/2016 01:35:54 PM CIRCUIT: read_iscas	gate:    10	type:  NAND	fanin: ['1', '3']
02/06/2016 01:35:54 PM CIRCUIT: read_iscas	gate:    11	type:  NAND	fanin: ['3', '6']
02/06/2016 01:35:54 PM CIRCUIT: read_iscas	gate:    16	type:  NAND	fanin: ['2', '11']
02/06/2016 01:35:54 PM CIRCUIT: read_iscas	gate:    19	type:  NAND	fanin: ['11', '7']
02/06/2016 01:35:54 PM CIRCUIT: read_iscas	gate:    22	type:  NAND	fanin: ['10', '16']
02/06/2016 01:35:54 PM CIRCUIT: read_iscas	gate:    23	type:  NAND	fanin: ['16', '19']
02/06/2016 01:35:54 PM Circuit: add_gates	name:     1	type: INPUT
02/06/2016 01:35:54 PM Circuit: add_gates	name:     2	type: INPUT
02/06/2016 01:35:54 PM Circuit: add_gates	name:     3	type: INPUT
02/06/2016 01:35:54 PM Circuit: add_gates	name:     6	type: INPUT
02/06/2016 01:35:54 PM Circuit: add_gates	name:     7	type: INPUT
02/06/2016 01:35:54 PM Circuit: add_gates	name:    10	type: NAND
02/06/2016 01:35:54 PM Circuit: add_gates	name:    11	type: NAND
02/06/2016 01:35:54 PM Circuit: add_gates	name:    16	type: NAND
02/06/2016 01:35:54 PM Circuit: add_gates	name:    19	type: NAND
02/06/2016 01:35:54 PM Circuit: add_gates	name:    22	type: NAND
02/06/2016 01:35:54 PM Circuit: add_gates	name:    23	type: NAND
02/06/2016 01:39:16 PM CIRCUIT: read_iscas called on file: bench/c17.bench
02/06/2016 01:39:16 PM GATE: init	name:     1	type: INPUT	#in:     0	#out:     0
02/06/2016 01:39:16 PM GATE: init	name:     2	type: INPUT	#in:     0	#out:     0
02/06/2016 01:39:16 PM GATE: init	name:     3	type: INPUT	#in:     0	#out:     0
02/06/2016 01:39:16 PM GATE: init	name:     6	type: INPUT	#in:     0	#out:     0
02/06/2016 01:39:16 PM GATE: init	name:     7	type: INPUT	#in:     0	#out:     0
02/06/2016 01:39:16 PM GATE: init	name:    10	type:  NAND	#in:     2	#out:     0
02/06/2016 01:39:16 PM GATE: init	name:    11	type:  NAND	#in:     2	#out:     0
02/06/2016 01:39:16 PM GATE: init	name:    16	type:  NAND	#in:     2	#out:     0
02/06/2016 01:39:16 PM GATE: init	name:    19	type:  NAND	#in:     2	#out:     0
02/06/2016 01:39:16 PM GATE: init	name:    22	type:  NAND	#in:     2	#out:     0
02/06/2016 01:39:16 PM GATE: init	name:    23	type:  NAND	#in:     2	#out:     0
02/06/2016 01:39:16 PM CIRCUIT: read_iscas	gate:     1	type: INPUT	fanin: []
02/06/2016 01:39:16 PM CIRCUIT: read_iscas	gate:     2	type: INPUT	fanin: []
02/06/2016 01:39:16 PM CIRCUIT: read_iscas	gate:     3	type: INPUT	fanin: []
02/06/2016 01:39:16 PM CIRCUIT: read_iscas	gate:     6	type: INPUT	fanin: []
02/06/2016 01:39:16 PM CIRCUIT: read_iscas	gate:     7	type: INPUT	fanin: []
02/06/2016 01:39:16 PM CIRCUIT: read_iscas	gate:    10	type:  NAND	fanin: ['1', '3']
02/06/2016 01:39:16 PM CIRCUIT: read_iscas	gate:    11	type:  NAND	fanin: ['3', '6']
02/06/2016 01:39:16 PM CIRCUIT: read_iscas	gate:    16	type:  NAND	fanin: ['2', '11']
02/06/2016 01:39:16 PM CIRCUIT: read_iscas	gate:    19	type:  NAND	fanin: ['11', '7']
02/06/2016 01:39:16 PM CIRCUIT: read_iscas	gate:    22	type:  NAND	fanin: ['10', '16']
02/06/2016 01:39:16 PM CIRCUIT: read_iscas	gate:    23	type:  NAND	fanin: ['16', '19']
02/06/2016 01:39:16 PM Circuit: add_gates	name:     1	type: INPUT
02/06/2016 01:39:16 PM Circuit: add_gates	name:     2	type: INPUT
02/06/2016 01:39:16 PM Circuit: add_gates	name:     3	type: INPUT
02/06/2016 01:39:16 PM Circuit: add_gates	name:     6	type: INPUT
02/06/2016 01:39:16 PM Circuit: add_gates	name:     7	type: INPUT
02/06/2016 01:39:16 PM Circuit: add_gates	name:    10	type: NAND
02/06/2016 01:39:16 PM Circuit: add_gates	name:    11	type: NAND
02/06/2016 01:39:16 PM Circuit: add_gates	name:    16	type: NAND
02/06/2016 01:39:16 PM Circuit: add_gates	name:    19	type: NAND
02/06/2016 01:39:16 PM Circuit: add_gates	name:    22	type: NAND
02/06/2016 01:39:16 PM Circuit: add_gates	name:    23	type: NAND
02/20/2016 02:27:57 PM CIRCUIT: read_iscas called on file: bench/c17.bench
02/20/2016 02:27:57 PM GATE: init	name:     1	type: INPUT	#in:     0	#out:     0
02/20/2016 02:27:57 PM GATE: init	name:     2	type: INPUT	#in:     0	#out:     0
02/20/2016 02:27:57 PM GATE: init	name:     3	type: INPUT	#in:     0	#out:     0
02/20/2016 02:27:57 PM GATE: init	name:     6	type: INPUT	#in:     0	#out:     0
02/20/2016 02:27:57 PM GATE: init	name:     7	type: INPUT	#in:     0	#out:     0
02/20/2016 02:27:57 PM GATE: init	name:    10	type:  NAND	#in:     2	#out:     0
02/20/2016 02:27:57 PM GATE: init	name:    11	type:  NAND	#in:     2	#out:     0
02/20/2016 02:27:57 PM GATE: init	name:    16	type:  NAND	#in:     2	#out:     0
02/20/2016 02:27:57 PM GATE: init	name:    19	type:  NAND	#in:     2	#out:     0
02/20/2016 02:27:57 PM GATE: init	name:    22	type:  NAND	#in:     2	#out:     0
02/20/2016 02:27:57 PM GATE: init	name:    23	type:  NAND	#in:     2	#out:     0
02/20/2016 02:27:57 PM CIRCUIT: read_iscas	gate:     1	type: INPUT	fanin: []
02/20/2016 02:27:57 PM CIRCUIT: read_iscas	gate:     2	type: INPUT	fanin: []
02/20/2016 02:27:57 PM CIRCUIT: read_iscas	gate:     3	type: INPUT	fanin: []
02/20/2016 02:27:57 PM CIRCUIT: read_iscas	gate:     6	type: INPUT	fanin: []
02/20/2016 02:27:57 PM CIRCUIT: read_iscas	gate:     7	type: INPUT	fanin: []
02/20/2016 02:27:57 PM CIRCUIT: read_iscas	gate:    10	type:  NAND	fanin: ['1', '3']
02/20/2016 02:27:57 PM CIRCUIT: read_iscas	gate:    11	type:  NAND	fanin: ['3', '6']
02/20/2016 02:27:57 PM CIRCUIT: read_iscas	gate:    16	type:  NAND	fanin: ['2', '11']
02/20/2016 02:27:57 PM CIRCUIT: read_iscas	gate:    19	type:  NAND	fanin: ['11', '7']
02/20/2016 02:27:57 PM CIRCUIT: read_iscas	gate:    22	type:  NAND	fanin: ['10', '16']
02/20/2016 02:27:57 PM CIRCUIT: read_iscas	gate:    23	type:  NAND	fanin: ['16', '19']
02/20/2016 02:27:57 PM Circuit: add_gates	name:     1	type: INPUT
02/20/2016 02:27:57 PM Circuit: add_gates	name:     2	type: INPUT
02/20/2016 02:27:57 PM Circuit: add_gates	name:     3	type: INPUT
02/20/2016 02:27:57 PM Circuit: add_gates	name:     6	type: INPUT
02/20/2016 02:27:57 PM Circuit: add_gates	name:     7	type: INPUT
02/20/2016 02:27:57 PM Circuit: add_gates	name:    10	type: NAND
02/20/2016 02:27:57 PM Circuit: add_gates	name:    11	type: NAND
02/20/2016 02:27:57 PM Circuit: add_gates	name:    16	type: NAND
02/20/2016 02:27:57 PM Circuit: add_gates	name:    19	type: NAND
02/20/2016 02:27:57 PM Circuit: add_gates	name:    22	type: NAND
02/20/2016 02:27:57 PM Circuit: add_gates	name:    23	type: NAND
02/20/2016 02:28:08 PM CIRCUIT: read_iscas called on file: bench/c17.bench
02/20/2016 02:28:08 PM GATE: init	name:     1	type: INPUT	#in:     0	#out:     0
02/20/2016 02:28:08 PM GATE: init	name:     2	type: INPUT	#in:     0	#out:     0
02/20/2016 02:28:08 PM GATE: init	name:     3	type: INPUT	#in:     0	#out:     0
02/20/2016 02:28:08 PM GATE: init	name:     6	type: INPUT	#in:     0	#out:     0
02/20/2016 02:28:08 PM GATE: init	name:     7	type: INPUT	#in:     0	#out:     0
02/20/2016 02:28:08 PM GATE: init	name:    10	type:  NAND	#in:     2	#out:     0
02/20/2016 02:28:08 PM GATE: init	name:    11	type:  NAND	#in:     2	#out:     0
02/20/2016 02:28:08 PM GATE: init	name:    16	type:  NAND	#in:     2	#out:     0
02/20/2016 02:28:08 PM GATE: init	name:    19	type:  NAND	#in:     2	#out:     0
02/20/2016 02:28:08 PM GATE: init	name:    22	type:  NAND	#in:     2	#out:     0
02/20/2016 02:28:08 PM GATE: init	name:    23	type:  NAND	#in:     2	#out:     0
02/20/2016 02:28:08 PM CIRCUIT: read_iscas	gate:     1	type: INPUT	fanin: []
02/20/2016 02:28:08 PM CIRCUIT: read_iscas	gate:     2	type: INPUT	fanin: []
02/20/2016 02:28:08 PM CIRCUIT: read_iscas	gate:     3	type: INPUT	fanin: []
02/20/2016 02:28:08 PM CIRCUIT: read_iscas	gate:     6	type: INPUT	fanin: []
02/20/2016 02:28:08 PM CIRCUIT: read_iscas	gate:     7	type: INPUT	fanin: []
02/20/2016 02:28:08 PM CIRCUIT: read_iscas	gate:    10	type:  NAND	fanin: ['1', '3']
02/20/2016 02:28:08 PM CIRCUIT: read_iscas	gate:    11	type:  NAND	fanin: ['3', '6']
02/20/2016 02:28:08 PM CIRCUIT: read_iscas	gate:    16	type:  NAND	fanin: ['2', '11']
02/20/2016 02:28:08 PM CIRCUIT: read_iscas	gate:    19	type:  NAND	fanin: ['11', '7']
02/20/2016 02:28:08 PM CIRCUIT: read_iscas	gate:    22	type:  NAND	fanin: ['10', '16']
02/20/2016 02:28:08 PM CIRCUIT: read_iscas	gate:    23	type:  NAND	fanin: ['16', '19']
02/20/2016 02:28:08 PM Circuit: add_gates	name:     1	type: INPUT
02/20/2016 02:28:08 PM Circuit: add_gates	name:     2	type: INPUT
02/20/2016 02:28:08 PM Circuit: add_gates	name:     3	type: INPUT
02/20/2016 02:28:08 PM Circuit: add_gates	name:     6	type: INPUT
02/20/2016 02:28:08 PM Circuit: add_gates	name:     7	type: INPUT
02/20/2016 02:28:08 PM Circuit: add_gates	name:    10	type: NAND
02/20/2016 02:28:08 PM Circuit: add_gates	name:    11	type: NAND
02/20/2016 02:28:08 PM Circuit: add_gates	name:    16	type: NAND
02/20/2016 02:28:08 PM Circuit: add_gates	name:    19	type: NAND
02/20/2016 02:28:08 PM Circuit: add_gates	name:    22	type: NAND
02/20/2016 02:28:08 PM Circuit: add_gates	name:    23	type: NAND
02/20/2016 02:31:51 PM CIRCUIT: read_iscas called on file: bench/c17.bench
02/20/2016 02:31:51 PM GATE: init	name:     1	type: INPUT	#in:     0	#out:     0
02/20/2016 02:31:51 PM GATE: init	name:     2	type: INPUT	#in:     0	#out:     0
02/20/2016 02:31:51 PM GATE: init	name:     3	type: INPUT	#in:     0	#out:     0
02/20/2016 02:31:51 PM GATE: init	name:     6	type: INPUT	#in:     0	#out:     0
02/20/2016 02:31:51 PM GATE: init	name:     7	type: INPUT	#in:     0	#out:     0
02/20/2016 02:31:51 PM GATE: init	name:    10	type:  NAND	#in:     2	#out:     0
02/20/2016 02:31:51 PM GATE: init	name:    11	type:  NAND	#in:     2	#out:     0
02/20/2016 02:31:51 PM GATE: init	name:    16	type:  NAND	#in:     2	#out:     0
02/20/2016 02:31:51 PM GATE: init	name:    19	type:  NAND	#in:     2	#out:     0
02/20/2016 02:31:51 PM GATE: init	name:    22	type:  NAND	#in:     2	#out:     0
02/20/2016 02:31:51 PM GATE: init	name:    23	type:  NAND	#in:     2	#out:     0
02/20/2016 02:31:51 PM CIRCUIT: read_iscas	gate:     1	type: INPUT	fanin: []
02/20/2016 02:31:51 PM CIRCUIT: read_iscas	gate:     2	type: INPUT	fanin: []
02/20/2016 02:31:51 PM CIRCUIT: read_iscas	gate:     3	type: INPUT	fanin: []
02/20/2016 02:31:51 PM CIRCUIT: read_iscas	gate:     6	type: INPUT	fanin: []
02/20/2016 02:31:51 PM CIRCUIT: read_iscas	gate:     7	type: INPUT	fanin: []
02/20/2016 02:31:51 PM CIRCUIT: read_iscas	gate:    10	type:  NAND	fanin: ['1', '3']
02/20/2016 02:31:51 PM CIRCUIT: read_iscas	gate:    11	type:  NAND	fanin: ['3', '6']
02/20/2016 02:31:51 PM CIRCUIT: read_iscas	gate:    16	type:  NAND	fanin: ['2', '11']
02/20/2016 02:31:51 PM CIRCUIT: read_iscas	gate:    19	type:  NAND	fanin: ['11', '7']
02/20/2016 02:31:51 PM CIRCUIT: read_iscas	gate:    22	type:  NAND	fanin: ['10', '16']
02/20/2016 02:31:51 PM CIRCUIT: read_iscas	gate:    23	type:  NAND	fanin: ['16', '19']
02/20/2016 02:31:51 PM Circuit: add_gates	name:     1	type: INPUT
02/20/2016 02:31:51 PM Circuit: add_gates	name:     2	type: INPUT
02/20/2016 02:31:51 PM Circuit: add_gates	name:     3	type: INPUT
02/20/2016 02:31:51 PM Circuit: add_gates	name:     6	type: INPUT
02/20/2016 02:31:51 PM Circuit: add_gates	name:     7	type: INPUT
02/20/2016 02:31:51 PM Circuit: add_gates	name:    10	type: NAND
02/20/2016 02:31:51 PM Circuit: add_gates	name:    11	type: NAND
02/20/2016 02:31:51 PM Circuit: add_gates	name:    16	type: NAND
02/20/2016 02:31:51 PM Circuit: add_gates	name:    19	type: NAND
02/20/2016 02:31:51 PM Circuit: add_gates	name:    22	type: NAND
02/20/2016 02:31:51 PM Circuit: add_gates	name:    23	type: NAND
02/20/2016 02:51:17 PM CIRCUIT: read_iscas called on file: bench/c17.bench
02/20/2016 02:51:17 PM GATE: init	name:     1	type: INPUT	#in:     0	#out:     0
02/20/2016 02:51:17 PM GATE: init	name:     2	type: INPUT	#in:     0	#out:     0
02/20/2016 02:51:17 PM GATE: init	name:     3	type: INPUT	#in:     0	#out:     0
02/20/2016 02:51:17 PM GATE: init	name:     6	type: INPUT	#in:     0	#out:     0
02/20/2016 02:51:17 PM GATE: init	name:     7	type: INPUT	#in:     0	#out:     0
02/20/2016 02:51:17 PM GATE: init	name:    10	type:  NAND	#in:     2	#out:     0
02/20/2016 02:51:17 PM GATE: init	name:    11	type:  NAND	#in:     2	#out:     0
02/20/2016 02:51:17 PM GATE: init	name:    16	type:  NAND	#in:     2	#out:     0
02/20/2016 02:51:17 PM GATE: init	name:    19	type:  NAND	#in:     2	#out:     0
02/20/2016 02:51:17 PM GATE: init	name:    22	type:  NAND	#in:     2	#out:     0
02/20/2016 02:51:17 PM GATE: init	name:    23	type:  NAND	#in:     2	#out:     0
02/20/2016 02:51:17 PM CIRCUIT: read_iscas	gate:     1	type: INPUT	fanin: []
02/20/2016 02:51:17 PM CIRCUIT: read_iscas	gate:     2	type: INPUT	fanin: []
02/20/2016 02:51:17 PM CIRCUIT: read_iscas	gate:     3	type: INPUT	fanin: []
02/20/2016 02:51:17 PM CIRCUIT: read_iscas	gate:     6	type: INPUT	fanin: []
02/20/2016 02:51:17 PM CIRCUIT: read_iscas	gate:     7	type: INPUT	fanin: []
02/20/2016 02:51:17 PM CIRCUIT: read_iscas	gate:    10	type:  NAND	fanin: ['1', '3']
02/20/2016 02:51:17 PM CIRCUIT: read_iscas	gate:    11	type:  NAND	fanin: ['3', '6']
02/20/2016 02:51:17 PM CIRCUIT: read_iscas	gate:    16	type:  NAND	fanin: ['2', '11']
02/20/2016 02:51:17 PM CIRCUIT: read_iscas	gate:    19	type:  NAND	fanin: ['11', '7']
02/20/2016 02:51:17 PM CIRCUIT: read_iscas	gate:    22	type:  NAND	fanin: ['10', '16']
02/20/2016 02:51:17 PM CIRCUIT: read_iscas	gate:    23	type:  NAND	fanin: ['16', '19']
02/20/2016 02:51:17 PM Circuit: add_gates	name:     1	type: INPUT
02/20/2016 02:51:17 PM Circuit: add_gates	name:     2	type: INPUT
02/20/2016 02:51:17 PM Circuit: add_gates	name:     3	type: INPUT
02/20/2016 02:51:17 PM Circuit: add_gates	name:     6	type: INPUT
02/20/2016 02:51:17 PM Circuit: add_gates	name:     7	type: INPUT
02/20/2016 02:51:17 PM Circuit: add_gates	name:    10	type: NAND
02/20/2016 02:51:17 PM Circuit: add_gates	name:    11	type: NAND
02/20/2016 02:51:17 PM Circuit: add_gates	name:    16	type: NAND
02/20/2016 02:51:17 PM Circuit: add_gates	name:    19	type: NAND
02/20/2016 02:51:17 PM Circuit: add_gates	name:    22	type: NAND
02/20/2016 02:51:17 PM Circuit: add_gates	name:    23	type: NAND
02/20/2016 02:53:44 PM CIRCUIT: read_iscas called on file: bench/c17.bench
02/20/2016 02:53:44 PM GATE: init	name:     1	type: INPUT	#in:     0	#out:     0
02/20/2016 02:53:44 PM GATE: init	name:     2	type: INPUT	#in:     0	#out:     0
02/20/2016 02:53:44 PM GATE: init	name:     3	type: INPUT	#in:     0	#out:     0
02/20/2016 02:53:44 PM GATE: init	name:     6	type: INPUT	#in:     0	#out:     0
02/20/2016 02:53:44 PM GATE: init	name:     7	type: INPUT	#in:     0	#out:     0
02/20/2016 02:53:44 PM GATE: init	name:    10	type:  NAND	#in:     2	#out:     0
02/20/2016 02:53:44 PM GATE: init	name:    11	type:  NAND	#in:     2	#out:     0
02/20/2016 02:53:44 PM GATE: init	name:    16	type:  NAND	#in:     2	#out:     0
02/20/2016 02:53:44 PM GATE: init	name:    19	type:  NAND	#in:     2	#out:     0
02/20/2016 02:53:44 PM GATE: init	name:    22	type:  NAND	#in:     2	#out:     0
02/20/2016 02:53:44 PM GATE: init	name:    23	type:  NAND	#in:     2	#out:     0
02/20/2016 02:53:44 PM CIRCUIT: read_iscas	gate:     1	type: INPUT	fanin: []
02/20/2016 02:53:44 PM CIRCUIT: read_iscas	gate:     2	type: INPUT	fanin: []
02/20/2016 02:53:44 PM CIRCUIT: read_iscas	gate:     3	type: INPUT	fanin: []
02/20/2016 02:53:44 PM CIRCUIT: read_iscas	gate:     6	type: INPUT	fanin: []
02/20/2016 02:53:44 PM CIRCUIT: read_iscas	gate:     7	type: INPUT	fanin: []
02/20/2016 02:53:44 PM CIRCUIT: read_iscas	gate:    10	type:  NAND	fanin: ['1', '3']
02/20/2016 02:53:44 PM CIRCUIT: read_iscas	gate:    11	type:  NAND	fanin: ['3', '6']
02/20/2016 02:53:44 PM CIRCUIT: read_iscas	gate:    16	type:  NAND	fanin: ['2', '11']
02/20/2016 02:53:44 PM CIRCUIT: read_iscas	gate:    19	type:  NAND	fanin: ['11', '7']
02/20/2016 02:53:44 PM CIRCUIT: read_iscas	gate:    22	type:  NAND	fanin: ['10', '16']
02/20/2016 02:53:44 PM CIRCUIT: read_iscas	gate:    23	type:  NAND	fanin: ['16', '19']
02/20/2016 02:53:44 PM Circuit: add_gates	name:     1	type: INPUT
02/20/2016 02:53:44 PM Circuit: add_gates	name:     2	type: INPUT
02/20/2016 02:53:44 PM Circuit: add_gates	name:     3	type: INPUT
02/20/2016 02:53:44 PM Circuit: add_gates	name:     6	type: INPUT
02/20/2016 02:53:44 PM Circuit: add_gates	name:     7	type: INPUT
02/20/2016 02:53:44 PM Circuit: add_gates	name:    10	type: NAND
02/20/2016 02:53:44 PM Circuit: add_gates	name:    11	type: NAND
02/20/2016 02:53:44 PM Circuit: add_gates	name:    16	type: NAND
02/20/2016 02:53:44 PM Circuit: add_gates	name:    19	type: NAND
02/20/2016 02:53:44 PM Circuit: add_gates	name:    22	type: NAND
02/20/2016 02:53:44 PM Circuit: add_gates	name:    23	type: NAND
02/20/2016 03:13:42 PM CIRCUIT: read_iscas called on file: bench/c17.bench
02/20/2016 03:13:42 PM GATE: init	name:     1	type: INPUT	#in:     0	#out:     0
02/20/2016 03:13:42 PM GATE: init	name:     2	type: INPUT	#in:     0	#out:     0
02/20/2016 03:13:42 PM GATE: init	name:     3	type: INPUT	#in:     0	#out:     0
02/20/2016 03:13:42 PM GATE: init	name:     6	type: INPUT	#in:     0	#out:     0
02/20/2016 03:13:42 PM GATE: init	name:     7	type: INPUT	#in:     0	#out:     0
02/20/2016 03:13:42 PM GATE: init	name:    10	type:  NAND	#in:     2	#out:     0
02/20/2016 03:13:42 PM GATE: init	name:    11	type:  NAND	#in:     2	#out:     0
02/20/2016 03:13:42 PM GATE: init	name:    16	type:  NAND	#in:     2	#out:     0
02/20/2016 03:13:42 PM GATE: init	name:    19	type:  NAND	#in:     2	#out:     0
02/20/2016 03:13:42 PM GATE: init	name:    22	type:  NAND	#in:     2	#out:     0
02/20/2016 03:13:42 PM GATE: init	name:    23	type:  NAND	#in:     2	#out:     0
02/20/2016 03:13:42 PM CIRCUIT: read_iscas	gate:     1	type: INPUT	fanin: []
02/20/2016 03:13:42 PM CIRCUIT: read_iscas	gate:     2	type: INPUT	fanin: []
02/20/2016 03:13:42 PM CIRCUIT: read_iscas	gate:     3	type: INPUT	fanin: []
02/20/2016 03:13:42 PM CIRCUIT: read_iscas	gate:     6	type: INPUT	fanin: []
02/20/2016 03:13:42 PM CIRCUIT: read_iscas	gate:     7	type: INPUT	fanin: []
02/20/2016 03:13:42 PM CIRCUIT: read_iscas	gate:    10	type:  NAND	fanin: ['1', '3']
02/20/2016 03:13:42 PM CIRCUIT: read_iscas	gate:    11	type:  NAND	fanin: ['3', '6']
02/20/2016 03:13:42 PM CIRCUIT: read_iscas	gate:    16	type:  NAND	fanin: ['2', '11']
02/20/2016 03:13:42 PM CIRCUIT: read_iscas	gate:    19	type:  NAND	fanin: ['11', '7']
02/20/2016 03:13:42 PM CIRCUIT: read_iscas	gate:    22	type:  NAND	fanin: ['10', '16']
02/20/2016 03:13:42 PM CIRCUIT: read_iscas	gate:    23	type:  NAND	fanin: ['16', '19']
02/20/2016 03:13:42 PM Circuit: add_gates	name:     1	type: INPUT
02/20/2016 03:13:42 PM Circuit: add_gates	name:     2	type: INPUT
02/20/2016 03:13:42 PM Circuit: add_gates	name:     3	type: INPUT
02/20/2016 03:13:42 PM Circuit: add_gates	name:     6	type: INPUT
02/20/2016 03:13:42 PM Circuit: add_gates	name:     7	type: INPUT
02/20/2016 03:13:42 PM Circuit: add_gates	name:    10	type: NAND
02/20/2016 03:13:42 PM Circuit: add_gates	name:    11	type: NAND
02/20/2016 03:13:42 PM Circuit: add_gates	name:    16	type: NAND
02/20/2016 03:13:42 PM Circuit: add_gates	name:    19	type: NAND
02/20/2016 03:13:42 PM Circuit: add_gates	name:    22	type: NAND
02/20/2016 03:13:42 PM Circuit: add_gates	name:    23	type: NAND
02/20/2016 03:14:24 PM CIRCUIT: read_iscas called on file: bench/c17.bench
02/20/2016 03:14:24 PM GATE: init	name:     1	type: INPUT	#in:     0	#out:     0
02/20/2016 03:14:24 PM GATE: init	name:     2	type: INPUT	#in:     0	#out:     0
02/20/2016 03:14:24 PM GATE: init	name:     3	type: INPUT	#in:     0	#out:     0
02/20/2016 03:14:24 PM GATE: init	name:     6	type: INPUT	#in:     0	#out:     0
02/20/2016 03:14:24 PM GATE: init	name:     7	type: INPUT	#in:     0	#out:     0
02/20/2016 03:14:24 PM GATE: init	name:    10	type:  NAND	#in:     2	#out:     0
02/20/2016 03:14:24 PM GATE: init	name:    11	type:  NAND	#in:     2	#out:     0
02/20/2016 03:14:24 PM GATE: init	name:    16	type:  NAND	#in:     2	#out:     0
02/20/2016 03:14:24 PM GATE: init	name:    19	type:  NAND	#in:     2	#out:     0
02/20/2016 03:14:24 PM GATE: init	name:    22	type:  NAND	#in:     2	#out:     0
02/20/2016 03:14:24 PM GATE: init	name:    23	type:  NAND	#in:     2	#out:     0
02/20/2016 03:14:24 PM CIRCUIT: read_iscas	gate:     1	type: INPUT	fanin: []
02/20/2016 03:14:24 PM CIRCUIT: read_iscas	gate:     2	type: INPUT	fanin: []
02/20/2016 03:14:24 PM CIRCUIT: read_iscas	gate:     3	type: INPUT	fanin: []
02/20/2016 03:14:24 PM CIRCUIT: read_iscas	gate:     6	type: INPUT	fanin: []
02/20/2016 03:14:24 PM CIRCUIT: read_iscas	gate:     7	type: INPUT	fanin: []
02/20/2016 03:14:24 PM CIRCUIT: read_iscas	gate:    10	type:  NAND	fanin: ['1', '3']
02/20/2016 03:14:24 PM CIRCUIT: read_iscas	gate:    11	type:  NAND	fanin: ['3', '6']
02/20/2016 03:14:24 PM CIRCUIT: read_iscas	gate:    16	type:  NAND	fanin: ['2', '11']
02/20/2016 03:14:24 PM CIRCUIT: read_iscas	gate:    19	type:  NAND	fanin: ['11', '7']
02/20/2016 03:14:24 PM CIRCUIT: read_iscas	gate:    22	type:  NAND	fanin: ['10', '16']
02/20/2016 03:14:24 PM CIRCUIT: read_iscas	gate:    23	type:  NAND	fanin: ['16', '19']
02/20/2016 03:14:24 PM Circuit: add_gates	name:     1	type: INPUT
02/20/2016 03:14:24 PM Circuit: add_gates	name:     2	type: INPUT
02/20/2016 03:14:24 PM Circuit: add_gates	name:     3	type: INPUT
02/20/2016 03:14:24 PM Circuit: add_gates	name:     6	type: INPUT
02/20/2016 03:14:24 PM Circuit: add_gates	name:     7	type: INPUT
02/20/2016 03:14:24 PM Circuit: add_gates	name:    10	type: NAND
02/20/2016 03:14:24 PM Circuit: add_gates	name:    11	type: NAND
02/20/2016 03:14:24 PM Circuit: add_gates	name:    16	type: NAND
02/20/2016 03:14:24 PM Circuit: add_gates	name:    19	type: NAND
02/20/2016 03:14:24 PM Circuit: add_gates	name:    22	type: NAND
02/20/2016 03:14:24 PM Circuit: add_gates	name:    23	type: NAND
02/20/2016 03:23:20 PM CIRCUIT: read_iscas called on file: bench/c17.bench
02/20/2016 03:23:20 PM GATE: init	name:     1	type: INPUT	#in:     0	#out:     0
02/20/2016 03:23:20 PM GATE: init	name:     2	type: INPUT	#in:     0	#out:     0
02/20/2016 03:23:20 PM GATE: init	name:     3	type: INPUT	#in:     0	#out:     0
02/20/2016 03:23:20 PM GATE: init	name:     6	type: INPUT	#in:     0	#out:     0
02/20/2016 03:23:20 PM GATE: init	name:     7	type: INPUT	#in:     0	#out:     0
02/20/2016 03:23:20 PM GATE: init	name:    10	type:  NAND	#in:     2	#out:     0
02/20/2016 03:23:20 PM GATE: init	name:    11	type:  NAND	#in:     2	#out:     0
02/20/2016 03:23:20 PM GATE: init	name:    16	type:  NAND	#in:     2	#out:     0
02/20/2016 03:23:20 PM GATE: init	name:    19	type:  NAND	#in:     2	#out:     0
02/20/2016 03:23:20 PM GATE: init	name:    22	type:  NAND	#in:     2	#out:     0
02/20/2016 03:23:20 PM GATE: init	name:    23	type:  NAND	#in:     2	#out:     0
02/20/2016 03:23:20 PM CIRCUIT: read_iscas	gate:     1	type: INPUT	fanin: []
02/20/2016 03:23:20 PM CIRCUIT: read_iscas	gate:     2	type: INPUT	fanin: []
02/20/2016 03:23:20 PM CIRCUIT: read_iscas	gate:     3	type: INPUT	fanin: []
02/20/2016 03:23:20 PM CIRCUIT: read_iscas	gate:     6	type: INPUT	fanin: []
02/20/2016 03:23:20 PM CIRCUIT: read_iscas	gate:     7	type: INPUT	fanin: []
02/20/2016 03:23:20 PM CIRCUIT: read_iscas	gate:    10	type:  NAND	fanin: ['1', '3']
02/20/2016 03:23:20 PM CIRCUIT: read_iscas	gate:    11	type:  NAND	fanin: ['3', '6']
02/20/2016 03:23:20 PM CIRCUIT: read_iscas	gate:    16	type:  NAND	fanin: ['2', '11']
02/20/2016 03:23:20 PM CIRCUIT: read_iscas	gate:    19	type:  NAND	fanin: ['11', '7']
02/20/2016 03:23:20 PM CIRCUIT: read_iscas	gate:    22	type:  NAND	fanin: ['10', '16']
02/20/2016 03:23:20 PM CIRCUIT: read_iscas	gate:    23	type:  NAND	fanin: ['16', '19']
02/20/2016 03:23:20 PM Circuit: add_gates	name:     1	type: INPUT
02/20/2016 03:23:20 PM Circuit: add_gates	name:     2	type: INPUT
02/20/2016 03:23:20 PM Circuit: add_gates	name:     3	type: INPUT
02/20/2016 03:23:20 PM Circuit: add_gates	name:     6	type: INPUT
02/20/2016 03:23:20 PM Circuit: add_gates	name:     7	type: INPUT
02/20/2016 03:23:20 PM Circuit: add_gates	name:    10	type: NAND
02/20/2016 03:23:20 PM Circuit: add_gates	name:    11	type: NAND
02/20/2016 03:23:20 PM Circuit: add_gates	name:    16	type: NAND
02/20/2016 03:23:20 PM Circuit: add_gates	name:    19	type: NAND
02/20/2016 03:23:20 PM Circuit: add_gates	name:    22	type: NAND
02/20/2016 03:23:20 PM Circuit: add_gates	name:    23	type: NAND
02/20/2016 03:23:45 PM CIRCUIT: read_iscas called on file: bench/c17.bench
02/20/2016 03:23:45 PM GATE: init	name:     1	type: INPUT	#in:     0	#out:     0
02/20/2016 03:23:45 PM GATE: init	name:     2	type: INPUT	#in:     0	#out:     0
02/20/2016 03:23:45 PM GATE: init	name:     3	type: INPUT	#in:     0	#out:     0
02/20/2016 03:23:45 PM GATE: init	name:     6	type: INPUT	#in:     0	#out:     0
02/20/2016 03:23:45 PM GATE: init	name:     7	type: INPUT	#in:     0	#out:     0
02/20/2016 03:23:45 PM GATE: init	name:    10	type:  NAND	#in:     2	#out:     0
02/20/2016 03:23:45 PM GATE: init	name:    11	type:  NAND	#in:     2	#out:     0
02/20/2016 03:23:45 PM GATE: init	name:    16	type:  NAND	#in:     2	#out:     0
02/20/2016 03:23:45 PM GATE: init	name:    19	type:  NAND	#in:     2	#out:     0
02/20/2016 03:23:45 PM GATE: init	name:    22	type:  NAND	#in:     2	#out:     0
02/20/2016 03:23:45 PM GATE: init	name:    23	type:  NAND	#in:     2	#out:     0
02/20/2016 03:23:45 PM CIRCUIT: read_iscas	gate:     1	type: INPUT	fanin: []
02/20/2016 03:23:45 PM CIRCUIT: read_iscas	gate:     2	type: INPUT	fanin: []
02/20/2016 03:23:45 PM CIRCUIT: read_iscas	gate:     3	type: INPUT	fanin: []
02/20/2016 03:23:45 PM CIRCUIT: read_iscas	gate:     6	type: INPUT	fanin: []
02/20/2016 03:23:45 PM CIRCUIT: read_iscas	gate:     7	type: INPUT	fanin: []
02/20/2016 03:23:45 PM CIRCUIT: read_iscas	gate:    10	type:  NAND	fanin: ['1', '3']
02/20/2016 03:23:45 PM CIRCUIT: read_iscas	gate:    11	type:  NAND	fanin: ['3', '6']
02/20/2016 03:23:45 PM CIRCUIT: read_iscas	gate:    16	type:  NAND	fanin: ['2', '11']
02/20/2016 03:23:45 PM CIRCUIT: read_iscas	gate:    19	type:  NAND	fanin: ['11', '7']
02/20/2016 03:23:45 PM CIRCUIT: read_iscas	gate:    22	type:  NAND	fanin: ['10', '16']
02/20/2016 03:23:45 PM CIRCUIT: read_iscas	gate:    23	type:  NAND	fanin: ['16', '19']
02/20/2016 03:23:45 PM Circuit: add_gates	name:     1	type: INPUT
02/20/2016 03:23:45 PM Circuit: add_gates	name:     2	type: INPUT
02/20/2016 03:23:45 PM Circuit: add_gates	name:     3	type: INPUT
02/20/2016 03:23:45 PM Circuit: add_gates	name:     6	type: INPUT
02/20/2016 03:23:45 PM Circuit: add_gates	name:     7	type: INPUT
02/20/2016 03:23:45 PM Circuit: add_gates	name:    10	type: NAND
02/20/2016 03:23:45 PM Circuit: add_gates	name:    11	type: NAND
02/20/2016 03:23:45 PM Circuit: add_gates	name:    16	type: NAND
02/20/2016 03:23:45 PM Circuit: add_gates	name:    19	type: NAND
02/20/2016 03:23:45 PM Circuit: add_gates	name:    22	type: NAND
02/20/2016 03:23:45 PM Circuit: add_gates	name:    23	type: NAND
02/20/2016 03:23:45 PM Roth: operate	type:   AND	returns: Roth.One
02/20/2016 03:23:45 PM Roth: operate	type:   AND	returns: Roth.One
02/20/2016 03:23:45 PM Roth: operate	type:   AND	returns: Roth.One
02/20/2016 03:24:51 PM CIRCUIT: read_iscas called on file: bench/c17.bench
02/20/2016 03:24:51 PM GATE: init	name:     1	type: INPUT	#in:     0	#out:     0
02/20/2016 03:24:51 PM GATE: init	name:     2	type: INPUT	#in:     0	#out:     0
02/20/2016 03:24:51 PM GATE: init	name:     3	type: INPUT	#in:     0	#out:     0
02/20/2016 03:24:51 PM GATE: init	name:     6	type: INPUT	#in:     0	#out:     0
02/20/2016 03:24:51 PM GATE: init	name:     7	type: INPUT	#in:     0	#out:     0
02/20/2016 03:24:51 PM GATE: init	name:    10	type:  NAND	#in:     2	#out:     0
02/20/2016 03:24:51 PM GATE: init	name:    11	type:  NAND	#in:     2	#out:     0
02/20/2016 03:24:51 PM GATE: init	name:    16	type:  NAND	#in:     2	#out:     0
02/20/2016 03:24:51 PM GATE: init	name:    19	type:  NAND	#in:     2	#out:     0
02/20/2016 03:24:51 PM GATE: init	name:    22	type:  NAND	#in:     2	#out:     0
02/20/2016 03:24:51 PM GATE: init	name:    23	type:  NAND	#in:     2	#out:     0
02/20/2016 03:24:51 PM CIRCUIT: read_iscas	gate:     1	type: INPUT	fanin: []
02/20/2016 03:24:51 PM CIRCUIT: read_iscas	gate:     2	type: INPUT	fanin: []
02/20/2016 03:24:51 PM CIRCUIT: read_iscas	gate:     3	type: INPUT	fanin: []
02/20/2016 03:24:51 PM CIRCUIT: read_iscas	gate:     6	type: INPUT	fanin: []
02/20/2016 03:24:51 PM CIRCUIT: read_iscas	gate:     7	type: INPUT	fanin: []
02/20/2016 03:24:51 PM CIRCUIT: read_iscas	gate:    10	type:  NAND	fanin: ['1', '3']
02/20/2016 03:24:51 PM CIRCUIT: read_iscas	gate:    11	type:  NAND	fanin: ['3', '6']
02/20/2016 03:24:51 PM CIRCUIT: read_iscas	gate:    16	type:  NAND	fanin: ['2', '11']
02/20/2016 03:24:51 PM CIRCUIT: read_iscas	gate:    19	type:  NAND	fanin: ['11', '7']
02/20/2016 03:24:51 PM CIRCUIT: read_iscas	gate:    22	type:  NAND	fanin: ['10', '16']
02/20/2016 03:24:51 PM CIRCUIT: read_iscas	gate:    23	type:  NAND	fanin: ['16', '19']
02/20/2016 03:24:51 PM Circuit: add_gates	name:     1	type: INPUT
02/20/2016 03:24:51 PM Circuit: add_gates	name:     2	type: INPUT
02/20/2016 03:24:51 PM Circuit: add_gates	name:     3	type: INPUT
02/20/2016 03:24:51 PM Circuit: add_gates	name:     6	type: INPUT
02/20/2016 03:24:51 PM Circuit: add_gates	name:     7	type: INPUT
02/20/2016 03:24:51 PM Circuit: add_gates	name:    10	type: NAND
02/20/2016 03:24:51 PM Circuit: add_gates	name:    11	type: NAND
02/20/2016 03:24:51 PM Circuit: add_gates	name:    16	type: NAND
02/20/2016 03:24:51 PM Circuit: add_gates	name:    19	type: NAND
02/20/2016 03:24:51 PM Circuit: add_gates	name:    22	type: NAND
02/20/2016 03:24:51 PM Circuit: add_gates	name:    23	type: NAND
02/20/2016 03:24:51 PM Roth: operate	type:   AND	returns: Roth.One
02/20/2016 03:24:51 PM Roth: operate	type:   AND	returns: Roth.One
02/20/2016 03:24:51 PM Roth: operate	type:   AND	returns: Roth.One
